[26-Feb-2026 23:31:36 America/Caracas] PHP Fatal error:  Uncaught Error: Call to undefined function getPDO() in /home2/sitiosnuevos/public_html/evoprx/programacion/filtrar.php:20
Stack trace:
#0 {main}
  thrown in /home2/sitiosnuevos/public_html/evoprx/programacion/filtrar.php on line 20
[26-Feb-2026 23:31:53 America/Caracas] PHP Fatal error:  Uncaught Error: Call to undefined function getPDO() in /home2/sitiosnuevos/public_html/evoprx/programacion/filtrar.php:20
Stack trace:
#0 {main}
  thrown in /home2/sitiosnuevos/public_html/evoprx/programacion/filtrar.php on line 20
[27-Feb-2026 09:09:19 America/Caracas] PHP Warning:  require_once(/home2/sitiosnuevos/public_html/evoprx/programacion/mailer_notify.php): Failed to open stream: No such file or directory in /home2/sitiosnuevos/public_html/evoprx/programacion/guardar_programacion.php on line 127
[27-Feb-2026 09:12:45 America/Caracas] [Email notify error] SQLSTATE[42S02]: Base table or view not found: 1146 Table 'sitiosnuevos_PROTOCOLSO.programacion_quirofano' doesn't exist
[27-Feb-2026 11:05:51 America/Caracas] PHP Warning:  Undefined array key "es_protesis" in /home2/sitiosnuevos/public_html/evoprx/programacion/reagendar_cirugia.php on line 155
[27-Feb-2026 11:27:28 America/Caracas] [Email notify error] SQLSTATE[42S02]: Base table or view not found: 1146 Table 'sitiosnuevos_PROTOCOLSO.programacion_quirofano' doesn't exist
[27-Feb-2026 11:29:44 America/Caracas] [Email notify error] SQLSTATE[42S02]: Base table or view not found: 1146 Table 'sitiosnuevos_PROTOCOLSO.programacion_quirofano' doesn't exist
[27-Feb-2026 13:59:42 America/Caracas] [Email notify error] SQLSTATE[42S02]: Base table or view not found: 1146 Table 'sitiosnuevos_PROTOCOLSO.programacion_quirofano' doesn't exist
[27-Feb-2026 14:43:38 America/Caracas] [Email notify error] SQLSTATE[42S02]: Base table or view not found: 1146 Table 'sitiosnuevos_PROTOCOLSO.programacion_quirofano' doesn't exist
[27-Feb-2026 14:45:50 America/Caracas] [Email notify error] SQLSTATE[42S02]: Base table or view not found: 1146 Table 'sitiosnuevos_PROTOCOLSO.programacion_quirofano' doesn't exist
[27-Feb-2026 15:28:30 America/Caracas] [Email notify error] SQLSTATE[42S02]: Base table or view not found: 1146 Table 'sitiosnuevos_PROTOCOLSO.programacion_quirofano' doesn't exist
[27-Feb-2026 16:49:28 America/Caracas] [Email notify error] SQLSTATE[42S02]: Base table or view not found: 1146 Table 'sitiosnuevos_PROTOCOLSO.programacion_quirofano' doesn't exist
[27-Feb-2026 17:51:17 America/Caracas] [Email notify error] SQLSTATE[42S02]: Base table or view not found: 1146 Table 'sitiosnuevos_PROTOCOLSO.programacion_quirofano' doesn't exist
[27-Feb-2026 17:52:56 America/Caracas] [Email notify error] SQLSTATE[42S02]: Base table or view not found: 1146 Table 'sitiosnuevos_PROTOCOLSO.programacion_quirofano' doesn't exist
[27-Feb-2026 17:55:18 America/Caracas] [Email notify error] SQLSTATE[42S02]: Base table or view not found: 1146 Table 'sitiosnuevos_PROTOCOLSO.programacion_quirofano' doesn't exist
[27-Feb-2026 19:48:19 America/Caracas] [Email notify error] SQLSTATE[42S02]: Base table or view not found: 1146 Table 'sitiosnuevos_PROTOCOLSO.programacion_quirofano' doesn't exist
[28-Feb-2026 01:54:49 America/Caracas] [Email notify error] SQLSTATE[42S02]: Base table or view not found: 1146 Table 'sitiosnuevos_PROTOCOLSO.programacion_quirofano' doesn't exist
[28-Feb-2026 08:33:06 America/Caracas] [Email notify error] SQLSTATE[42S02]: Base table or view not found: 1146 Table 'sitiosnuevos_PROTOCOLSO.programacion_quirofano' doesn't exist
[28-Feb-2026 08:36:14 America/Caracas] [Email notify error] SQLSTATE[42S02]: Base table or view not found: 1146 Table 'sitiosnuevos_PROTOCOLSO.programacion_quirofano' doesn't exist
[28-Feb-2026 09:16:59 America/Caracas] [Email notify error] SQLSTATE[42S02]: Base table or view not found: 1146 Table 'sitiosnuevos_PROTOCOLSO.programacion_quirofano' doesn't exist
[28-Feb-2026 09:33:09 America/Caracas] [Email notify error] SQLSTATE[42S02]: Base table or view not found: 1146 Table 'sitiosnuevos_PROTOCOLSO.programacion_quirofano' doesn't exist
[28-Feb-2026 09:34:22 America/Caracas] [Email notify error] SQLSTATE[42S02]: Base table or view not found: 1146 Table 'sitiosnuevos_PROTOCOLSO.programacion_quirofano' doesn't exist
[28-Feb-2026 09:35:12 America/Caracas] [Email notify error] SQLSTATE[42S02]: Base table or view not found: 1146 Table 'sitiosnuevos_PROTOCOLSO.programacion_quirofano' doesn't exist
[28-Feb-2026 09:59:57 America/Caracas] [Email notify error] SQLSTATE[42S02]: Base table or view not found: 1146 Table 'sitiosnuevos_PROTOCOLSO.programacion_quirofano' doesn't exist
[28-Feb-2026 10:18:06 America/Caracas] [Email notify error] SQLSTATE[42S02]: Base table or view not found: 1146 Table 'sitiosnuevos_PROTOCOLSO.programacion_quirofano' doesn't exist
[28-Feb-2026 12:41:48 America/Caracas] [Email notify error] SQLSTATE[42S02]: Base table or view not found: 1146 Table 'sitiosnuevos_PROTOCOLSO.programacion_quirofano' doesn't exist
[28-Feb-2026 14:57:31 America/Caracas] [Email notify error] SQLSTATE[42S02]: Base table or view not found: 1146 Table 'sitiosnuevos_PROTOCOLSO.programacion_quirofano' doesn't exist
[28-Feb-2026 16:13:20 America/Caracas] [Email notify error] SQLSTATE[42S02]: Base table or view not found: 1146 Table 'sitiosnuevos_PROTOCOLSO.programacion_quirofano' doesn't exist
[28-Feb-2026 17:55:56 America/Caracas] [Email notify error] SQLSTATE[42S02]: Base table or view not found: 1146 Table 'sitiosnuevos_PROTOCOLSO.programacion_quirofano' doesn't exist
[28-Feb-2026 20:00:28 America/Caracas] [Email notify error] SQLSTATE[42S02]: Base table or view not found: 1146 Table 'sitiosnuevos_PROTOCOLSO.programacion_quirofano' doesn't exist
[02-Mar-2026 01:42:24 America/Caracas] [Email notify error] SQLSTATE[42S02]: Base table or view not found: 1146 Table 'sitiosnuevos_PROTOCOLSO.programacion_quirofano' doesn't exist
[02-Mar-2026 01:44:23 America/Caracas] [Email notify error] SQLSTATE[42S02]: Base table or view not found: 1146 Table 'sitiosnuevos_PROTOCOLSO.programacion_quirofano' doesn't exist
[02-Mar-2026 01:45:22 America/Caracas] [Email notify error] SQLSTATE[42S02]: Base table or view not found: 1146 Table 'sitiosnuevos_PROTOCOLSO.programacion_quirofano' doesn't exist
[02-Mar-2026 01:35:04 America/Guayaquil] [Email notify error] SQLSTATE[42S02]: Base table or view not found: 1146 Table 'sitiosnuevos_PROTOCOLSO.programacion_quirofano' doesn't exist
[02-Mar-2026 01:51:37 America/Guayaquil] [Email notify error] SQLSTATE[42S02]: Base table or view not found: 1146 Table 'sitiosnuevos_PROTOCOLSO.programacion_quirofano' doesn't exist
[02-Mar-2026 07:32:09 America/Guayaquil] [Email notify error] SQLSTATE[42S02]: Base table or view not found: 1146 Table 'sitiosnuevos_PROTOCOLSO.programacion_quirofano' doesn't exist
[03-Mar-2026 08:09:13 America/Guayaquil] [Email notify error] SQLSTATE[42S02]: Base table or view not found: 1146 Table 'sitiosnuevos_PROTOCOLSO.programacion_quirofano' doesn't exist
[03-Mar-2026 08:12:15 America/Guayaquil] [Email notify error] SQLSTATE[42S02]: Base table or view not found: 1146 Table 'sitiosnuevos_PROTOCOLSO.programacion_quirofano' doesn't exist
[03-Mar-2026 08:15:00 America/Guayaquil] [Email notify error] SQLSTATE[42S02]: Base table or view not found: 1146 Table 'sitiosnuevos_PROTOCOLSO.programacion_quirofano' doesn't exist
[03-Mar-2026 11:17:49 America/Guayaquil] [Email notify error] SQLSTATE[42S02]: Base table or view not found: 1146 Table 'sitiosnuevos_PROTOCOLSO.programacion_quirofano' doesn't exist
[03-Mar-2026 14:46:16 America/Guayaquil] [Email notify error] SQLSTATE[42S02]: Base table or view not found: 1146 Table 'sitiosnuevos_PROTOCOLSO.programacion_quirofano' doesn't exist
[03-Mar-2026 17:02:14 America/Guayaquil] [Email notify error] SQLSTATE[42S02]: Base table or view not found: 1146 Table 'sitiosnuevos_PROTOCOLSO.programacion_quirofano' doesn't exist
[03-Mar-2026 17:04:16 America/Guayaquil] [Email notify error] SQLSTATE[42S02]: Base table or view not found: 1146 Table 'sitiosnuevos_PROTOCOLSO.programacion_quirofano' doesn't exist
